<?xml version="1.0" encoding="UTF-8"?>
<!-- Generated by org.testng.reporters.JUnitReportReporter -->
<testsuite hostname="ArtisMutulis" failures="0" tests="1" name="demoTest.testNG" time="13.456" errors="0" timestamp="17 jÅ«n. 2019 16:14:04 GMT" skipped="0">
  <testcase classname="demoTest.testNG" name="checkSortedElements" time="13.456"/>
</testsuite> <!-- demoTest.testNG -->
