<?xml version="1.0" encoding="UTF-8"?>
<!-- Generated by org.testng.reporters.JUnitReportReporter -->
<testsuite hostname="ArtisMutulis" failures="0" tests="1" name="demoTest.testNG2" time="2.895" errors="0" timestamp="14 jÅ«n. 2019 09:35:12 GMT" skipped="0">
  <testcase classname="demoTest.testNG2" name="checkSearchMaxLenght" time="2.895"/>
</testsuite> <!-- demoTest.testNG2 -->
