<?xml version="1.0" encoding="UTF-8"?>
<!-- Generated by org.testng.reporters.JUnitReportReporter -->
<testsuite hostname="ArtisMutulis" failures="0" tests="1" name="demoTest.testNG2" time="2.657" errors="0" timestamp="13 jÅ«n. 2019 20:25:27 GMT" skipped="0">
  <testcase classname="demoTest.testNG2" name="checkSearchMaxLenght" time="2.657"/>
</testsuite> <!-- demoTest.testNG2 -->
