<?xml version="1.0" encoding="UTF-8"?>
<!-- Generated by org.testng.reporters.JUnitReportReporter -->
<testsuite hostname="ArtisMutulis" failures="0" tests="1" name="demoTest.testNG2" time="8.008" errors="0" timestamp="17 jÅ«n. 2019 16:39:45 GMT" skipped="0">
  <testcase classname="demoTest.testNG2" name="checkSearchMaxLenght" time="8.008"/>
</testsuite> <!-- demoTest.testNG2 -->
